{"meta": {"format": 3, "version": "7.10.7", "timestamp": "2025-10-08T23:54:11.033860", "branch_coverage": false, "show_contexts": false}, "files": {"converters\\__init__.py": {"executed_lines": [1, 5, 6, 7, 8, 11], "summary": {"covered_lines": 5, "num_statements": 5, "percent_covered": 100.0, "percent_covered_display": "100", "missing_lines": 0, "excluded_lines": 0}, "missing_lines": [], "excluded_lines": [], "functions": {"": {"executed_lines": [1, 5, 6, 7, 8, 11], "summary": {"covered_lines": 5, "num_statements": 5, "percent_covered": 100.0, "percent_covered_display": "100", "missing_lines": 0, "excluded_lines": 0}, "missing_lines": [], "excluded_lines": []}}, "classes": {"": {"executed_lines": [1, 5, 6, 7, 8, 11], "summary": {"covered_lines": 5, "num_statements": 5, "percent_covered": 100.0, "percent_covered_display": "100", "missing_lines": 0, "excluded_lines": 0}, "missing_lines": [], "excluded_lines": []}}}, "converters\\csv_converter.py": {"executed_lines": [1, 3, 6, 7, 9, 63, 82, 121, 125], "summary": {"covered_lines": 8, "num_statements": 82, "percent_covered": 9.75609756097561, "percent_covered_display": "10", "missing_lines": 74, "excluded_lines": 0}, "missing_lines": [20, 22, 25, 26, 28, 29, 30, 31, 32, 33, 34, 36, 37, 39, 42, 43, 44, 47, 48, 51, 52, 53, 54, 55, 56, 58, 60, 61, 65, 74, 75, 76, 77, 79, 80, 84, 85, 88, 90, 93, 94, 95, 98, 99, 100, 102, 104, 106, 107, 108, 110, 113, 114, 115, 119, 123, 127, 129, 130, 133, 135, 138, 139, 140, 143, 144, 145, 146, 148, 149, 151, 154, 156, 158], "excluded_lines": [], "functions": {"CsvConverter.convert": {"executed_lines": [], "summary": {"covered_lines": 0, "num_statements": 28, "percent_covered": 0.0, "percent_covered_display": "0", "missing_lines": 28, "excluded_lines": 0}, "missing_lines": [20, 22, 25, 26, 28, 29, 30, 31, 32, 33, 34, 36, 37, 39, 42, 43, 44, 47, 48, 51, 52, 53, 54, 55, 56, 58, 60, 61], "excluded_lines": []}, "CsvConverter._extract_metadata": {"executed_lines": [], "summary": {"covered_lines": 0, "num_statements": 7, "percent_covered": 0.0, "percent_covered_display": "0", "missing_lines": 7, "excluded_lines": 0}, "missing_lines": [65, 74, 75, 76, 77, 79, 80], "excluded_lines": []}, "CsvConverter._dataframe_to_markdown": {"executed_lines": [], "summary": {"covered_lines": 0, "num_statements": 20, "percent_covered": 0.0, "percent_covered_display": "0", "missing_lines": 20, "excluded_lines": 0}, "missing_lines": [84, 85, 88, 90, 93, 94, 95, 98, 99, 100, 102, 104, 106, 107, 108, 110, 113, 114, 115, 119], "excluded_lines": []}, "CsvConverter._has_numeric_data": {"executed_lines": [], "summary": {"covered_lines": 0, "num_statements": 1, "percent_covered": 0.0, "percent_covered_display": "0", "missing_lines": 1, "excluded_lines": 0}, "missing_lines": [123], "excluded_lines": []}, "CsvConverter._create_summary_table": {"executed_lines": [], "summary": {"covered_lines": 0, "num_statements": 18, "percent_covered": 0.0, "percent_covered_display": "0", "missing_lines": 18, "excluded_lines": 0}, "missing_lines": [127, 129, 130, 133, 135, 138, 139, 140, 143, 144, 145, 146, 148, 149, 151, 154, 156, 158], "excluded_lines": []}, "": {"executed_lines": [1, 3, 6, 7, 9, 63, 82, 121, 125], "summary": {"covered_lines": 8, "num_statements": 8, "percent_covered": 100.0, "percent_covered_display": "100", "missing_lines": 0, "excluded_lines": 0}, "missing_lines": [], "excluded_lines": []}}, "classes": {"CsvConverter": {"executed_lines": [], "summary": {"covered_lines": 0, "num_statements": 74, "percent_covered": 0.0, "percent_covered_display": "0", "missing_lines": 74, "excluded_lines": 0}, "missing_lines": [20, 22, 25, 26, 28, 29, 30, 31, 32, 33, 34, 36, 37, 39, 42, 43, 44, 47, 48, 51, 52, 53, 54, 55, 56, 58, 60, 61, 65, 74, 75, 76, 77, 79, 80, 84, 85, 88, 90, 93, 94, 95, 98, 99, 100, 102, 104, 106, 107, 108, 110, 113, 114, 115, 119, 123, 127, 129, 130, 133, 135, 138, 139, 140, 143, 144, 145, 146, 148, 149, 151, 154, 156, 158], "excluded_lines": []}, "": {"executed_lines": [1, 3, 6, 7, 9, 63, 82, 121, 125], "summary": {"covered_lines": 8, "num_statements": 8, "percent_covered": 100.0, "percent_covered_display": "100", "missing_lines": 0, "excluded_lines": 0}, "missing_lines": [], "excluded_lines": []}}}, "converters\\docx_converter.py": {"executed_lines": [1, 3, 4, 7, 8, 10, 14, 71, 95, 135, 156, 180, 202], "summary": {"covered_lines": 12, "num_statements": 131, "percent_covered": 9.16030534351145, "percent_covered_display": "9", "missing_lines": 119, "excluded_lines": 0}, "missing_lines": [11, 12, 26, 27, 28, 31, 32, 35, 36, 38, 41, 42, 43, 46, 47, 48, 49, 52, 53, 54, 55, 60, 61, 62, 63, 64, 66, 68, 69, 73, 79, 80, 81, 82, 83, 84, 85, 86, 87, 88, 89, 90, 92, 93, 97, 98, 100, 103, 105, 107, 108, 109, 110, 111, 112, 113, 114, 115, 116, 117, 118, 119, 121, 124, 125, 126, 127, 128, 131, 133, 137, 139, 140, 142, 143, 144, 145, 146, 147, 149, 150, 152, 154, 158, 159, 161, 164, 165, 167, 169, 170, 173, 174, 175, 176, 178, 182, 184, 185, 186, 187, 188, 191, 192, 197, 199, 200, 204, 206, 208, 210, 212, 215, 218, 221, 222, 223, 224, 226], "excluded_lines": [], "functions": {"DocxConverter.__init__": {"executed_lines": [], "summary": {"covered_lines": 0, "num_statements": 2, "percent_covered": 0.0, "percent_covered_display": "0", "missing_lines": 2, "excluded_lines": 0}, "missing_lines": [11, 12], "excluded_lines": []}, "DocxConverter.convert": {"executed_lines": [], "summary": {"covered_lines": 0, "num_statements": 27, "percent_covered": 0.0, "percent_covered_display": "0", "missing_lines": 27, "excluded_lines": 0}, "missing_lines": [26, 27, 28, 31, 32, 35, 36, 38, 41, 42, 43, 46, 47, 48, 49, 52, 53, 54, 55, 60, 61, 62, 63, 64, 66, 68, 69], "excluded_lines": []}, "DocxConverter._extract_metadata": {"executed_lines": [], "summary": {"covered_lines": 0, "num_statements": 15, "percent_covered": 0.0, "percent_covered_display": "0", "missing_lines": 15, "excluded_lines": 0}, "missing_lines": [73, 79, 80, 81, 82, 83, 84, 85, 86, 87, 88, 89, 90, 92, 93], "excluded_lines": []}, "DocxConverter._convert_paragraph": {"executed_lines": [], "summary": {"covered_lines": 0, "num_statements": 26, "percent_covered": 0.0, "percent_covered_display": "0", "missing_lines": 26, "excluded_lines": 0}, "missing_lines": [97, 98, 100, 103, 105, 107, 108, 109, 110, 111, 112, 113, 114, 115, 116, 117, 118, 119, 121, 124, 125, 126, 127, 128, 131, 133], "excluded_lines": []}, "DocxConverter._process_runs": {"executed_lines": [], "summary": {"covered_lines": 0, "num_statements": 13, "percent_covered": 0.0, "percent_covered_display": "0", "missing_lines": 13, "excluded_lines": 0}, "missing_lines": [137, 139, 140, 142, 143, 144, 145, 146, 147, 149, 150, 152, 154], "excluded_lines": []}, "DocxConverter._convert_table": {"executed_lines": [], "summary": {"covered_lines": 0, "num_statements": 13, "percent_covered": 0.0, "percent_covered_display": "0", "missing_lines": 13, "excluded_lines": 0}, "missing_lines": [158, 159, 161, 164, 165, 167, 169, 170, 173, 174, 175, 176, 178], "excluded_lines": []}, "DocxConverter._extract_all_images": {"executed_lines": [], "summary": {"covered_lines": 0, "num_statements": 11, "percent_covered": 0.0, "percent_covered_display": "0", "missing_lines": 11, "excluded_lines": 0}, "missing_lines": [182, 184, 185, 186, 187, 188, 191, 192, 197, 199, 200], "excluded_lines": []}, "DocxConverter._extract_paragraph_images": {"executed_lines": [], "summary": {"covered_lines": 0, "num_statements": 12, "percent_covered": 0.0, "percent_covered_display": "0", "missing_lines": 12, "excluded_lines": 0}, "missing_lines": [204, 206, 208, 210, 212, 215, 218, 221, 222, 223, 224, 226], "excluded_lines": []}, "": {"executed_lines": [1, 3, 4, 7, 8, 10, 14, 71, 95, 135, 156, 180, 202], "summary": {"covered_lines": 12, "num_statements": 12, "percent_covered": 100.0, "percent_covered_display": "100", "missing_lines": 0, "excluded_lines": 0}, "missing_lines": [], "excluded_lines": []}}, "classes": {"DocxConverter": {"executed_lines": [], "summary": {"covered_lines": 0, "num_statements": 119, "percent_covered": 0.0, "percent_covered_display": "0", "missing_lines": 119, "excluded_lines": 0}, "missing_lines": [11, 12, 26, 27, 28, 31, 32, 35, 36, 38, 41, 42, 43, 46, 47, 48, 49, 52, 53, 54, 55, 60, 61, 62, 63, 64, 66, 68, 69, 73, 79, 80, 81, 82, 83, 84, 85, 86, 87, 88, 89, 90, 92, 93, 97, 98, 100, 103, 105, 107, 108, 109, 110, 111, 112, 113, 114, 115, 116, 117, 118, 119, 121, 124, 125, 126, 127, 128, 131, 133, 137, 139, 140, 142, 143, 144, 145, 146, 147, 149, 150, 152, 154, 158, 159, 161, 164, 165, 167, 169, 170, 173, 174, 175, 176, 178, 182, 184, 185, 186, 187, 188, 191, 192, 197, 199, 200, 204, 206, 208, 210, 212, 215, 218, 221, 222, 223, 224, 226], "excluded_lines": []}, "": {"executed_lines": [1, 3, 4, 7, 8, 10, 14, 71, 95, 135, 156, 180, 202], "summary": {"covered_lines": 12, "num_statements": 12, "percent_covered": 100.0, "percent_covered_display": "100", "missing_lines": 0, "excluded_lines": 0}, "missing_lines": [], "excluded_lines": []}}}, "converters\\txt_converter.py": {"executed_lines": [1, 4, 5, 7, 38, 54, 78, 111, 128], "summary": {"covered_lines": 8, "num_statements": 94, "percent_covered": 8.51063829787234, "percent_covered_display": "9", "missing_lines": 86, "excluded_lines": 0}, "missing_lines": [18, 20, 22, 25, 26, 27, 30, 31, 33, 35, 36, 40, 43, 45, 46, 47, 48, 49, 52, 56, 57, 58, 59, 61, 71, 72, 73, 75, 76, 80, 83, 84, 85, 88, 91, 92, 95, 96, 97, 100, 103, 106, 107, 109, 113, 114, 116, 117, 118, 119, 121, 122, 124, 126, 130, 133, 134, 137, 138, 139, 143, 144, 148, 151, 152, 155, 156, 159, 160, 163, 169, 172, 174, 178, 180, 184, 186, 189, 190, 191, 192, 195, 196, 197, 200, 203], "excluded_lines": [], "functions": {"TxtConverter.convert": {"executed_lines": [], "summary": {"covered_lines": 0, "num_statements": 11, "percent_covered": 0.0, "percent_covered_display": "0", "missing_lines": 11, "excluded_lines": 0}, "missing_lines": [18, 20, 22, 25, 26, 27, 30, 31, 33, 35, 36], "excluded_lines": []}, "TxtConverter._read_with_encoding": {"executed_lines": [], "summary": {"covered_lines": 0, "num_statements": 8, "percent_covered": 0.0, "percent_covered_display": "0", "missing_lines": 8, "excluded_lines": 0}, "missing_lines": [40, 43, 45, 46, 47, 48, 49, 52], "excluded_lines": []}, "TxtConverter._extract_metadata": {"executed_lines": [], "summary": {"covered_lines": 0, "num_statements": 10, "percent_covered": 0.0, "percent_covered_display": "0", "missing_lines": 10, "excluded_lines": 0}, "missing_lines": [56, 57, 58, 59, 61, 71, 72, 73, 75, 76], "excluded_lines": []}, "TxtConverter._detect_structure": {"executed_lines": [], "summary": {"covered_lines": 0, "num_statements": 15, "percent_covered": 0.0, "percent_covered_display": "0", "missing_lines": 15, "excluded_lines": 0}, "missing_lines": [80, 83, 84, 85, 88, 91, 92, 95, 96, 97, 100, 103, 106, 107, 109], "excluded_lines": []}, "TxtConverter._process_text_content": {"executed_lines": [], "summary": {"covered_lines": 0, "num_statements": 10, "percent_covered": 0.0, "percent_covered_display": "0", "missing_lines": 10, "excluded_lines": 0}, "missing_lines": [113, 114, 116, 117, 118, 119, 121, 122, 124, 126], "excluded_lines": []}, "TxtConverter._process_line": {"executed_lines": [], "summary": {"covered_lines": 0, "num_statements": 32, "percent_covered": 0.0, "percent_covered_display": "0", "missing_lines": 32, "excluded_lines": 0}, "missing_lines": [130, 133, 134, 137, 138, 139, 143, 144, 148, 151, 152, 155, 156, 159, 160, 163, 169, 172, 174, 178, 180, 184, 186, 189, 190, 191, 192, 195, 196, 197, 200, 203], "excluded_lines": []}, "": {"executed_lines": [1, 4, 5, 7, 38, 54, 78, 111, 128], "summary": {"covered_lines": 8, "num_statements": 8, "percent_covered": 100.0, "percent_covered_display": "100", "missing_lines": 0, "excluded_lines": 0}, "missing_lines": [], "excluded_lines": []}}, "classes": {"TxtConverter": {"executed_lines": [], "summary": {"covered_lines": 0, "num_statements": 86, "percent_covered": 0.0, "percent_covered_display": "0", "missing_lines": 86, "excluded_lines": 0}, "missing_lines": [18, 20, 22, 25, 26, 27, 30, 31, 33, 35, 36, 40, 43, 45, 46, 47, 48, 49, 52, 56, 57, 58, 59, 61, 71, 72, 73, 75, 76, 80, 83, 84, 85, 88, 91, 92, 95, 96, 97, 100, 103, 106, 107, 109, 113, 114, 116, 117, 118, 119, 121, 122, 124, 126, 130, 133, 134, 137, 138, 139, 143, 144, 148, 151, 152, 155, 156, 159, 160, 163, 169, 172, 174, 178, 180, 184, 186, 189, 190, 191, 192, 195, 196, 197, 200, 203], "excluded_lines": []}, "": {"executed_lines": [1, 4, 5, 7, 38, 54, 78, 111, 128], "summary": {"covered_lines": 8, "num_statements": 8, "percent_covered": 100.0, "percent_covered_display": "100", "missing_lines": 0, "excluded_lines": 0}, "missing_lines": [], "excluded_lines": []}}}, "converters\\wxr_converter.py": {"executed_lines": [1, 2, 3, 5, 8, 9, 11, 15, 57, 90, 101, 152, 189, 217, 267, 283, 349, 362], "summary": {"covered_lines": 17, "num_statements": 202, "percent_covered": 8.415841584158416, "percent_covered_display": "8", "missing_lines": 185, "excluded_lines": 0}, "missing_lines": [12, 13, 27, 28, 29, 32, 35, 37, 40, 41, 42, 45, 46, 47, 49, 50, 52, 54, 55, 59, 61, 63, 66, 69, 77, 79, 80, 81, 82, 84, 86, 88, 93, 96, 97, 99, 103, 106, 107, 109, 110, 113, 114, 118, 119, 123, 124, 127, 128, 131, 132, 135, 136, 139, 140, 142, 143, 144, 145, 146, 147, 148, 150, 154, 157, 158, 160, 161, 164, 165, 168, 173, 176, 177, 179, 182, 184, 185, 187, 191, 199, 200, 201, 203, 204, 205, 208, 209, 211, 212, 213, 215, 219, 222, 223, 224, 226, 227, 229, 230, 232, 233, 235, 236, 238, 239, 241, 242, 244, 245, 247, 248, 251, 252, 255, 256, 257, 258, 261, 262, 263, 265, 269, 270, 273, 276, 279, 281, 286, 287, 288, 291, 292, 295, 296, 297, 298, 299, 301, 304, 305, 306, 307, 309, 310, 313, 314, 315, 316, 317, 319, 320, 321, 322, 323, 326, 327, 328, 331, 332, 335, 336, 338, 339, 342, 343, 344, 345, 347, 352, 355, 358, 360, 364, 365, 368, 369, 372, 373, 374, 376, 377, 382, 383, 386], "excluded_lines": [], "functions": {"WxrConverter.__init__": {"executed_lines": [], "summary": {"covered_lines": 0, "num_statements": 2, "percent_covered": 0.0, "percent_covered_display": "0", "missing_lines": 2, "excluded_lines": 0}, "missing_lines": [12, 13], "excluded_lines": []}, "WxrConverter.convert": {"executed_lines": [], "summary": {"covered_lines": 0, "num_statements": 17, "percent_covered": 0.0, "percent_covered_display": "0", "missing_lines": 17, "excluded_lines": 0}, "missing_lines": [27, 28, 29, 32, 35, 37, 40, 41, 42, 45, 46, 47, 49, 50, 52, 54, 55], "excluded_lines": []}, "WxrConverter._parse_wxr_content": {"executed_lines": [], "summary": {"covered_lines": 0, "num_statements": 13, "percent_covered": 0.0, "percent_covered_display": "0", "missing_lines": 13, "excluded_lines": 0}, "missing_lines": [59, 61, 63, 66, 69, 77, 79, 80, 81, 82, 84, 86, 88], "excluded_lines": []}, "WxrConverter._clean_xml_content": {"executed_lines": [], "summary": {"covered_lines": 0, "num_statements": 4, "percent_covered": 0.0, "percent_covered_display": "0", "missing_lines": 4, "excluded_lines": 0}, "missing_lines": [93, 96, 97, 99], "excluded_lines": []}, "WxrConverter._extract_post_data": {"executed_lines": [], "summary": {"covered_lines": 0, "num_statements": 27, "percent_covered": 0.0, "percent_covered_display": "0", "missing_lines": 27, "excluded_lines": 0}, "missing_lines": [103, 106, 107, 109, 110, 113, 114, 118, 119, 123, 124, 127, 128, 131, 132, 135, 136, 139, 140, 142, 143, 144, 145, 146, 147, 148, 150], "excluded_lines": []}, "WxrConverter._parse_wxr_with_regex": {"executed_lines": [], "summary": {"covered_lines": 0, "num_statements": 16, "percent_covered": 0.0, "percent_covered_display": "0", "missing_lines": 16, "excluded_lines": 0}, "missing_lines": [154, 157, 158, 160, 161, 164, 165, 168, 173, 176, 177, 179, 182, 184, 185, 187], "excluded_lines": []}, "WxrConverter._extract_site_metadata": {"executed_lines": [], "summary": {"covered_lines": 0, "num_statements": 13, "percent_covered": 0.0, "percent_covered_display": "0", "missing_lines": 13, "excluded_lines": 0}, "missing_lines": [191, 199, 200, 201, 203, 204, 205, 208, 209, 211, 212, 213, 215], "excluded_lines": []}, "WxrConverter._convert_post_to_markdown": {"executed_lines": [], "summary": {"covered_lines": 0, "num_statements": 30, "percent_covered": 0.0, "percent_covered_display": "0", "missing_lines": 30, "excluded_lines": 0}, "missing_lines": [219, 222, 223, 224, 226, 227, 229, 230, 232, 233, 235, 236, 238, 239, 241, 242, 244, 245, 247, 248, 251, 252, 255, 256, 257, 258, 261, 262, 263, 265], "excluded_lines": []}, "WxrConverter._html_to_markdown": {"executed_lines": [], "summary": {"covered_lines": 0, "num_statements": 6, "percent_covered": 0.0, "percent_covered_display": "0", "missing_lines": 6, "excluded_lines": 0}, "missing_lines": [269, 270, 273, 276, 279, 281], "excluded_lines": []}, "WxrConverter._convert_html_elements": {"executed_lines": [], "summary": {"covered_lines": 0, "num_statements": 41, "percent_covered": 0.0, "percent_covered_display": "0", "missing_lines": 41, "excluded_lines": 0}, "missing_lines": [286, 287, 288, 291, 292, 295, 296, 297, 298, 299, 301, 304, 305, 306, 307, 309, 310, 313, 314, 315, 316, 317, 319, 320, 321, 322, 323, 326, 327, 328, 331, 332, 335, 336, 338, 339, 342, 343, 344, 345, 347], "excluded_lines": []}, "WxrConverter._clean_markdown": {"executed_lines": [], "summary": {"covered_lines": 0, "num_statements": 4, "percent_covered": 0.0, "percent_covered_display": "0", "missing_lines": 4, "excluded_lines": 0}, "missing_lines": [352, 355, 358, 360], "excluded_lines": []}, "WxrConverter._download_image_if_needed": {"executed_lines": [], "summary": {"covered_lines": 0, "num_statements": 12, "percent_covered": 0.0, "percent_covered_display": "0", "missing_lines": 12, "excluded_lines": 0}, "missing_lines": [364, 365, 368, 369, 372, 373, 374, 376, 377, 382, 383, 386], "excluded_lines": []}, "": {"executed_lines": [1, 2, 3, 5, 8, 9, 11, 15, 57, 90, 101, 152, 189, 217, 267, 283, 349, 362], "summary": {"covered_lines": 17, "num_statements": 17, "percent_covered": 100.0, "percent_covered_display": "100", "missing_lines": 0, "excluded_lines": 0}, "missing_lines": [], "excluded_lines": []}}, "classes": {"WxrConverter": {"executed_lines": [], "summary": {"covered_lines": 0, "num_statements": 185, "percent_covered": 0.0, "percent_covered_display": "0", "missing_lines": 185, "excluded_lines": 0}, "missing_lines": [12, 13, 27, 28, 29, 32, 35, 37, 40, 41, 42, 45, 46, 47, 49, 50, 52, 54, 55, 59, 61, 63, 66, 69, 77, 79, 80, 81, 82, 84, 86, 88, 93, 96, 97, 99, 103, 106, 107, 109, 110, 113, 114, 118, 119, 123, 124, 127, 128, 131, 132, 135, 136, 139, 140, 142, 143, 144, 145, 146, 147, 148, 150, 154, 157, 158, 160, 161, 164, 165, 168, 173, 176, 177, 179, 182, 184, 185, 187, 191, 199, 200, 201, 203, 204, 205, 208, 209, 211, 212, 213, 215, 219, 222, 223, 224, 226, 227, 229, 230, 232, 233, 235, 236, 238, 239, 241, 242, 244, 245, 247, 248, 251, 252, 255, 256, 257, 258, 261, 262, 263, 265, 269, 270, 273, 276, 279, 281, 286, 287, 288, 291, 292, 295, 296, 297, 298, 299, 301, 304, 305, 306, 307, 309, 310, 313, 314, 315, 316, 317, 319, 320, 321, 322, 323, 326, 327, 328, 331, 332, 335, 336, 338, 339, 342, 343, 344, 345, 347, 352, 355, 358, 360, 364, 365, 368, 369, 372, 373, 374, 376, 377, 382, 383, 386], "excluded_lines": []}, "": {"executed_lines": [1, 2, 3, 5, 8, 9, 11, 15, 57, 90, 101, 152, 189, 217, 267, 283, 349, 362], "summary": {"covered_lines": 17, "num_statements": 17, "percent_covered": 100.0, "percent_covered_display": "100", "missing_lines": 0, "excluded_lines": 0}, "missing_lines": [], "excluded_lines": []}}}, "utils\\file_utils.py": {"executed_lines": [1, 2, 3, 4, 7, 12, 64, 115, 138, 152, 158], "summary": {"covered_lines": 11, "num_statements": 77, "percent_covered": 14.285714285714286, "percent_covered_display": "14", "missing_lines": 66, "excluded_lines": 0}, "missing_lines": [9, 26, 28, 29, 30, 33, 34, 35, 38, 39, 40, 43, 44, 45, 48, 49, 50, 51, 53, 57, 58, 60, 61, 66, 79, 80, 88, 90, 91, 92, 94, 96, 103, 105, 107, 108, 112, 118, 121, 124, 127, 128, 129, 132, 133, 135, 140, 141, 143, 144, 145, 146, 147, 149, 154, 155, 160, 161, 163, 166, 169, 170, 173, 176, 177, 179], "excluded_lines": [], "functions": {"get_file_extension": {"executed_lines": [], "summary": {"covered_lines": 0, "num_statements": 1, "percent_covered": 0.0, "percent_covered_display": "0", "missing_lines": 1, "excluded_lines": 0}, "missing_lines": [9], "excluded_lines": []}, "create_download_zip": {"executed_lines": [], "summary": {"covered_lines": 0, "num_statements": 22, "percent_covered": 0.0, "percent_covered_display": "0", "missing_lines": 22, "excluded_lines": 0}, "missing_lines": [26, 28, 29, 30, 33, 34, 35, 38, 39, 40, 43, 44, 45, 48, 49, 50, 51, 53, 57, 58, 60, 61], "excluded_lines": []}, "create_file_metadata": {"executed_lines": [], "summary": {"covered_lines": 0, "num_statements": 14, "percent_covered": 0.0, "percent_covered_display": "0", "missing_lines": 14, "excluded_lines": 0}, "missing_lines": [66, 79, 80, 88, 90, 91, 92, 94, 96, 103, 105, 107, 108, 112], "excluded_lines": []}, "sanitize_filename": {"executed_lines": [], "summary": {"covered_lines": 0, "num_statements": 9, "percent_covered": 0.0, "percent_covered_display": "0", "missing_lines": 9, "excluded_lines": 0}, "missing_lines": [118, 121, 124, 127, 128, 129, 132, 133, 135], "excluded_lines": []}, "format_file_size": {"executed_lines": [], "summary": {"covered_lines": 0, "num_statements": 8, "percent_covered": 0.0, "percent_covered_display": "0", "missing_lines": 8, "excluded_lines": 0}, "missing_lines": [140, 141, 143, 144, 145, 146, 147, 149], "excluded_lines": []}, "validate_file_type": {"executed_lines": [], "summary": {"covered_lines": 0, "num_statements": 2, "percent_covered": 0.0, "percent_covered_display": "0", "missing_lines": 2, "excluded_lines": 0}, "missing_lines": [154, 155], "excluded_lines": []}, "clean_text_content": {"executed_lines": [], "summary": {"covered_lines": 0, "num_statements": 10, "percent_covered": 0.0, "percent_covered_display": "0", "missing_lines": 10, "excluded_lines": 0}, "missing_lines": [160, 161, 163, 166, 169, 170, 173, 176, 177, 179], "excluded_lines": []}, "": {"executed_lines": [1, 2, 3, 4, 7, 12, 64, 115, 138, 152, 158], "summary": {"covered_lines": 11, "num_statements": 11, "percent_covered": 100.0, "percent_covered_display": "100", "missing_lines": 0, "excluded_lines": 0}, "missing_lines": [], "excluded_lines": []}}, "classes": {"": {"executed_lines": [1, 2, 3, 4, 7, 12, 64, 115, 138, 152, 158], "summary": {"covered_lines": 11, "num_statements": 77, "percent_covered": 14.285714285714286, "percent_covered_display": "14", "missing_lines": 66, "excluded_lines": 0}, "missing_lines": [9, 26, 28, 29, 30, 33, 34, 35, 38, 39, 40, 43, 44, 45, 48, 49, 50, 51, 53, 57, 58, 60, 61, 66, 79, 80, 88, 90, 91, 92, 94, 96, 103, 105, 107, 108, 112, 118, 121, 124, 127, 128, 129, 132, 133, 135, 140, 141, 143, 144, 145, 146, 147, 149, 154, 155, 160, 161, 163, 166, 169, 170, 173, 176, 177, 179], "excluded_lines": []}}}, "utils\\frontmatter_generator.py": {"executed_lines": [1, 2, 3, 5, 8, 9, 11, 18, 44, 118, 185, 250, 260, 273, 281], "summary": {"covered_lines": 14, "num_statements": 166, "percent_covered": 8.433734939759036, "percent_covered_display": "8", "missing_lines": 152, "excluded_lines": 0}, "missing_lines": [12, 33, 34, 35, 37, 39, 40, 42, 46, 49, 50, 53, 54, 55, 56, 58, 61, 62, 65, 66, 67, 68, 69, 71, 76, 77, 78, 79, 80, 82, 85, 86, 88, 91, 92, 95, 96, 99, 100, 111, 112, 113, 115, 116, 120, 123, 124, 127, 128, 129, 130, 132, 135, 136, 137, 139, 142, 143, 146, 147, 148, 149, 152, 153, 154, 155, 156, 158, 161, 162, 163, 164, 165, 167, 168, 171, 172, 173, 176, 179, 180, 182, 183, 187, 190, 191, 194, 195, 196, 197, 200, 201, 202, 203, 205, 208, 209, 212, 213, 216, 217, 220, 221, 222, 225, 227, 230, 231, 232, 235, 237, 238, 241, 242, 243, 245, 247, 248, 252, 253, 255, 257, 258, 262, 264, 265, 267, 268, 269, 271, 275, 276, 277, 278, 279, 283, 286, 287, 288, 289, 290, 292, 293, 294, 295, 297, 298, 299, 300, 301, 302, 304], "excluded_lines": [], "functions": {"FrontmatterGenerator.__init__": {"executed_lines": [], "summary": {"covered_lines": 0, "num_statements": 1, "percent_covered": 0.0, "percent_covered_display": "0", "missing_lines": 1, "excluded_lines": 0}, "missing_lines": [12], "excluded_lines": []}, "FrontmatterGenerator.generate": {"executed_lines": [], "summary": {"covered_lines": 0, "num_statements": 7, "percent_covered": 0.0, "percent_covered_display": "0", "missing_lines": 7, "excluded_lines": 0}, "missing_lines": [33, 34, 35, 37, 39, 40, 42], "excluded_lines": []}, "FrontmatterGenerator._generate_jekyll_frontmatter": {"executed_lines": [], "summary": {"covered_lines": 0, "num_statements": 36, "percent_covered": 0.0, "percent_covered_display": "0", "missing_lines": 36, "excluded_lines": 0}, "missing_lines": [46, 49, 50, 53, 54, 55, 56, 58, 61, 62, 65, 66, 67, 68, 69, 71, 76, 77, 78, 79, 80, 82, 85, 86, 88, 91, 92, 95, 96, 99, 100, 111, 112, 113, 115, 116], "excluded_lines": []}, "FrontmatterGenerator._generate_hugo_frontmatter": {"executed_lines": [], "summary": {"covered_lines": 0, "num_statements": 39, "percent_covered": 0.0, "percent_covered_display": "0", "missing_lines": 39, "excluded_lines": 0}, "missing_lines": [120, 123, 124, 127, 128, 129, 130, 132, 135, 136, 137, 139, 142, 143, 146, 147, 148, 149, 152, 153, 154, 155, 156, 158, 161, 162, 163, 164, 165, 167, 168, 171, 172, 173, 176, 179, 180, 182, 183], "excluded_lines": []}, "FrontmatterGenerator._generate_astro_frontmatter": {"executed_lines": [], "summary": {"covered_lines": 0, "num_statements": 35, "percent_covered": 0.0, "percent_covered_display": "0", "missing_lines": 35, "excluded_lines": 0}, "missing_lines": [187, 190, 191, 194, 195, 196, 197, 200, 201, 202, 203, 205, 208, 209, 212, 213, 216, 217, 220, 221, 222, 225, 227, 230, 231, 232, 235, 237, 238, 241, 242, 243, 245, 247, 248], "excluded_lines": []}, "FrontmatterGenerator._escape_yaml": {"executed_lines": [], "summary": {"covered_lines": 0, "num_statements": 5, "percent_covered": 0.0, "percent_covered_display": "0", "missing_lines": 5, "excluded_lines": 0}, "missing_lines": [252, 253, 255, 257, 258], "excluded_lines": []}, "FrontmatterGenerator._format_date": {"executed_lines": [], "summary": {"covered_lines": 0, "num_statements": 7, "percent_covered": 0.0, "percent_covered_display": "0", "missing_lines": 7, "excluded_lines": 0}, "missing_lines": [262, 264, 265, 267, 268, 269, 271], "excluded_lines": []}, "FrontmatterGenerator._generate_slug": {"executed_lines": [], "summary": {"covered_lines": 0, "num_statements": 5, "percent_covered": 0.0, "percent_covered_display": "0", "missing_lines": 5, "excluded_lines": 0}, "missing_lines": [275, 276, 277, 278, 279], "excluded_lines": []}, "FrontmatterGenerator.extract_metadata_from_markdown": {"executed_lines": [], "summary": {"covered_lines": 0, "num_statements": 17, "percent_covered": 0.0, "percent_covered_display": "0", "missing_lines": 17, "excluded_lines": 0}, "missing_lines": [283, 286, 287, 288, 289, 290, 292, 293, 294, 295, 297, 298, 299, 300, 301, 302, 304], "excluded_lines": []}, "": {"executed_lines": [1, 2, 3, 5, 8, 9, 11, 18, 44, 118, 185, 250, 260, 273, 281], "summary": {"covered_lines": 14, "num_statements": 14, "percent_covered": 100.0, "percent_covered_display": "100", "missing_lines": 0, "excluded_lines": 0}, "missing_lines": [], "excluded_lines": []}}, "classes": {"FrontmatterGenerator": {"executed_lines": [], "summary": {"covered_lines": 0, "num_statements": 152, "percent_covered": 0.0, "percent_covered_display": "0", "missing_lines": 152, "excluded_lines": 0}, "missing_lines": [12, 33, 34, 35, 37, 39, 40, 42, 46, 49, 50, 53, 54, 55, 56, 58, 61, 62, 65, 66, 67, 68, 69, 71, 76, 77, 78, 79, 80, 82, 85, 86, 88, 91, 92, 95, 96, 99, 100, 111, 112, 113, 115, 116, 120, 123, 124, 127, 128, 129, 130, 132, 135, 136, 137, 139, 142, 143, 146, 147, 148, 149, 152, 153, 154, 155, 156, 158, 161, 162, 163, 164, 165, 167, 168, 171, 172, 173, 176, 179, 180, 182, 183, 187, 190, 191, 194, 195, 196, 197, 200, 201, 202, 203, 205, 208, 209, 212, 213, 216, 217, 220, 221, 222, 225, 227, 230, 231, 232, 235, 237, 238, 241, 242, 243, 245, 247, 248, 252, 253, 255, 257, 258, 262, 264, 265, 267, 268, 269, 271, 275, 276, 277, 278, 279, 283, 286, 287, 288, 289, 290, 292, 293, 294, 295, 297, 298, 299, 300, 301, 302, 304], "excluded_lines": []}, "": {"executed_lines": [1, 2, 3, 5, 8, 9, 11, 18, 44, 118, 185, 250, 260, 273, 281], "summary": {"covered_lines": 14, "num_statements": 14, "percent_covered": 100.0, "percent_covered_display": "100", "missing_lines": 0, "excluded_lines": 0}, "missing_lines": [], "excluded_lines": []}}}, "utils\\html_generator.py": {"executed_lines": [], "summary": {"covered_lines": 0, "num_statements": 55, "percent_covered": 0.0, "percent_covered_display": "0", "missing_lines": 55, "excluded_lines": 0}, "missing_lines": [1, 2, 4, 5, 7, 8, 9, 12, 15, 23, 30, 31, 32, 33, 34, 35, 36, 38, 52, 54, 55, 58, 61, 70, 71, 72, 73, 76, 77, 78, 79, 82, 84, 87, 88, 93, 101, 103, 104, 106, 117, 118, 120, 122, 124, 126, 164, 166, 168, 169, 171, 178, 180, 429, 431], "excluded_lines": [], "functions": {"HtmlGenerator.__init__": {"executed_lines": [], "summary": {"covered_lines": 0, "num_statements": 8, "percent_covered": 0.0, "percent_covered_display": "0", "missing_lines": 8, "excluded_lines": 0}, "missing_lines": [23, 30, 31, 32, 33, 34, 35, 36], "excluded_lines": []}, "HtmlGenerator.generate": {"executed_lines": [], "summary": {"covered_lines": 0, "num_statements": 21, "percent_covered": 0.0, "percent_covered_display": "0", "missing_lines": 21, "excluded_lines": 0}, "missing_lines": [52, 54, 55, 58, 61, 70, 71, 72, 73, 76, 77, 78, 79, 82, 84, 87, 88, 93, 101, 103, 104], "excluded_lines": []}, "HtmlGenerator.validate_seo": {"executed_lines": [], "summary": {"covered_lines": 0, "num_statements": 3, "percent_covered": 0.0, "percent_covered_display": "0", "missing_lines": 3, "excluded_lines": 0}, "missing_lines": [117, 118, 120], "excluded_lines": []}, "HtmlGenerator._create_html_document": {"executed_lines": [], "summary": {"covered_lines": 0, "num_statements": 3, "percent_covered": 0.0, "percent_covered_display": "0", "missing_lines": 3, "excluded_lines": 0}, "missing_lines": [124, 126, 164], "excluded_lines": []}, "HtmlGenerator._generate_toc_html": {"executed_lines": [], "summary": {"covered_lines": 0, "num_statements": 3, "percent_covered": 0.0, "percent_covered_display": "0", "missing_lines": 3, "excluded_lines": 0}, "missing_lines": [168, 169, 171], "excluded_lines": []}, "HtmlGenerator._get_css_styles": {"executed_lines": [], "summary": {"covered_lines": 0, "num_statements": 1, "percent_covered": 0.0, "percent_covered_display": "0", "missing_lines": 1, "excluded_lines": 0}, "missing_lines": [180], "excluded_lines": []}, "HtmlGenerator._get_javascript": {"executed_lines": [], "summary": {"covered_lines": 0, "num_statements": 1, "percent_covered": 0.0, "percent_covered_display": "0", "missing_lines": 1, "excluded_lines": 0}, "missing_lines": [431], "excluded_lines": []}, "": {"executed_lines": [], "summary": {"covered_lines": 0, "num_statements": 15, "percent_covered": 0.0, "percent_covered_display": "0", "missing_lines": 15, "excluded_lines": 0}, "missing_lines": [1, 2, 4, 5, 7, 8, 9, 12, 15, 38, 106, 122, 166, 178, 429], "excluded_lines": []}}, "classes": {"HtmlGenerator": {"executed_lines": [], "summary": {"covered_lines": 0, "num_statements": 40, "percent_covered": 0.0, "percent_covered_display": "0", "missing_lines": 40, "excluded_lines": 0}, "missing_lines": [23, 30, 31, 32, 33, 34, 35, 36, 52, 54, 55, 58, 61, 70, 71, 72, 73, 76, 77, 78, 79, 82, 84, 87, 88, 93, 101, 103, 104, 117, 118, 120, 124, 126, 164, 168, 169, 171, 180, 431], "excluded_lines": []}, "": {"executed_lines": [], "summary": {"covered_lines": 0, "num_statements": 15, "percent_covered": 0.0, "percent_covered_display": "0", "missing_lines": 15, "excluded_lines": 0}, "missing_lines": [1, 2, 4, 5, 7, 8, 9, 12, 15, 38, 106, 122, 166, 178, 429], "excluded_lines": []}}}, "utils\\image_handler.py": {"executed_lines": [1, 2, 3, 4, 6, 9, 10, 12, 17, 51, 83, 112, 158, 172, 185, 189], "summary": {"covered_lines": 15, "num_statements": 83, "percent_covered": 18.072289156626507, "percent_covered_display": "18", "missing_lines": 68, "excluded_lines": 0}, "missing_lines": [13, 14, 15, 27, 29, 31, 32, 33, 34, 35, 38, 39, 41, 46, 47, 49, 64, 66, 68, 69, 70, 71, 74, 75, 77, 79, 80, 81, 96, 99, 100, 103, 104, 107, 108, 110, 126, 128, 131, 133, 134, 135, 136, 137, 140, 141, 142, 143, 146, 147, 148, 150, 151, 153, 154, 156, 160, 170, 175, 178, 179, 180, 181, 183, 187, 191, 192, 193], "excluded_lines": [], "functions": {"ImageHandler.__init__": {"executed_lines": [], "summary": {"covered_lines": 0, "num_statements": 3, "percent_covered": 0.0, "percent_covered_display": "0", "missing_lines": 3, "excluded_lines": 0}, "missing_lines": [13, 14, 15], "excluded_lines": []}, "ImageHandler.extract_docx_images": {"executed_lines": [], "summary": {"covered_lines": 0, "num_statements": 13, "percent_covered": 0.0, "percent_covered_display": "0", "missing_lines": 13, "excluded_lines": 0}, "missing_lines": [27, 29, 31, 32, 33, 34, 35, 38, 39, 41, 46, 47, 49], "excluded_lines": []}, "ImageHandler.download_image": {"executed_lines": [], "summary": {"covered_lines": 0, "num_statements": 12, "percent_covered": 0.0, "percent_covered_display": "0", "missing_lines": 12, "excluded_lines": 0}, "missing_lines": [64, 66, 68, 69, 70, 71, 74, 75, 77, 79, 80, 81], "excluded_lines": []}, "ImageHandler.save_image": {"executed_lines": [], "summary": {"covered_lines": 0, "num_statements": 8, "percent_covered": 0.0, "percent_covered_display": "0", "missing_lines": 8, "excluded_lines": 0}, "missing_lines": [96, 99, 100, 103, 104, 107, 108, 110], "excluded_lines": []}, "ImageHandler.optimize_image": {"executed_lines": [], "summary": {"covered_lines": 0, "num_statements": 20, "percent_covered": 0.0, "percent_covered_display": "0", "missing_lines": 20, "excluded_lines": 0}, "missing_lines": [126, 128, 131, 133, 134, 135, 136, 137, 140, 141, 142, 143, 146, 147, 148, 150, 151, 153, 154, 156], "excluded_lines": []}, "ImageHandler._get_extension_from_content_type": {"executed_lines": [], "summary": {"covered_lines": 0, "num_statements": 2, "percent_covered": 0.0, "percent_covered_display": "0", "missing_lines": 2, "excluded_lines": 0}, "missing_lines": [160, 170], "excluded_lines": []}, "ImageHandler._get_extension_from_url": {"executed_lines": [], "summary": {"covered_lines": 0, "num_statements": 6, "percent_covered": 0.0, "percent_covered_display": "0", "missing_lines": 6, "excluded_lines": 0}, "missing_lines": [175, 178, 179, 180, 181, 183], "excluded_lines": []}, "ImageHandler.get_all_images": {"executed_lines": [], "summary": {"covered_lines": 0, "num_statements": 1, "percent_covered": 0.0, "percent_covered_display": "0", "missing_lines": 1, "excluded_lines": 0}, "missing_lines": [187], "excluded_lines": []}, "ImageHandler.reset": {"executed_lines": [], "summary": {"covered_lines": 0, "num_statements": 3, "percent_covered": 0.0, "percent_covered_display": "0", "missing_lines": 3, "excluded_lines": 0}, "missing_lines": [191, 192, 193], "excluded_lines": []}, "": {"executed_lines": [1, 2, 3, 4, 6, 9, 10, 12, 17, 51, 83, 112, 158, 172, 185, 189], "summary": {"covered_lines": 15, "num_statements": 15, "percent_covered": 100.0, "percent_covered_display": "100", "missing_lines": 0, "excluded_lines": 0}, "missing_lines": [], "excluded_lines": []}}, "classes": {"ImageHandler": {"executed_lines": [], "summary": {"covered_lines": 0, "num_statements": 68, "percent_covered": 0.0, "percent_covered_display": "0", "missing_lines": 68, "excluded_lines": 0}, "missing_lines": [13, 14, 15, 27, 29, 31, 32, 33, 34, 35, 38, 39, 41, 46, 47, 49, 64, 66, 68, 69, 70, 71, 74, 75, 77, 79, 80, 81, 96, 99, 100, 103, 104, 107, 108, 110, 126, 128, 131, 133, 134, 135, 136, 137, 140, 141, 142, 143, 146, 147, 148, 150, 151, 153, 154, 156, 160, 170, 175, 178, 179, 180, 181, 183, 187, 191, 192, 193], "excluded_lines": []}, "": {"executed_lines": [1, 2, 3, 4, 6, 9, 10, 12, 17, 51, 83, 112, 158, 172, 185, 189], "summary": {"covered_lines": 15, "num_statements": 15, "percent_covered": 100.0, "percent_covered_display": "100", "missing_lines": 0, "excluded_lines": 0}, "missing_lines": [], "excluded_lines": []}}}, "utils\\seo_enhancer.py": {"executed_lines": [1, 2, 4, 7, 8, 10, 13, 53, 120, 141, 160, 184, 198, 215], "summary": {"covered_lines": 13, "num_statements": 107, "percent_covered": 12.149532710280374, "percent_covered_display": "12", "missing_lines": 94, "excluded_lines": 0}, "missing_lines": [11, 36, 39, 42, 43, 44, 47, 48, 49, 51, 57, 58, 59, 60, 61, 64, 65, 66, 67, 70, 71, 74, 77, 78, 81, 84, 85, 88, 91, 92, 99, 102, 103, 104, 107, 108, 111, 114, 115, 118, 122, 123, 124, 126, 134, 135, 136, 139, 143, 144, 145, 147, 153, 154, 155, 158, 162, 163, 164, 167, 168, 170, 180, 181, 182, 186, 187, 188, 191, 193, 194, 195, 196, 200, 202, 204, 205, 208, 209, 212, 213, 217, 219, 220, 223, 224, 225, 226, 227, 228, 229, 232, 233, 239], "excluded_lines": [], "functions": {"SEOEnhancer.__init__": {"executed_lines": [], "summary": {"covered_lines": 0, "num_statements": 1, "percent_covered": 0.0, "percent_covered_display": "0", "missing_lines": 1, "excluded_lines": 0}, "missing_lines": [11], "excluded_lines": []}, "SEOEnhancer.enhance": {"executed_lines": [], "summary": {"covered_lines": 0, "num_statements": 9, "percent_covered": 0.0, "percent_covered_display": "0", "missing_lines": 9, "excluded_lines": 0}, "missing_lines": [36, 39, 42, 43, 44, 47, 48, 49, 51], "excluded_lines": []}, "SEOEnhancer._enhance_meta_tags": {"executed_lines": [], "summary": {"covered_lines": 0, "num_statements": 30, "percent_covered": 0.0, "percent_covered_display": "0", "missing_lines": 30, "excluded_lines": 0}, "missing_lines": [57, 58, 59, 60, 61, 64, 65, 66, 67, 70, 71, 74, 77, 78, 81, 84, 85, 88, 91, 92, 99, 102, 103, 104, 107, 108, 111, 114, 115, 118], "excluded_lines": []}, "SEOEnhancer._add_open_graph_tags": {"executed_lines": [], "summary": {"covered_lines": 0, "num_statements": 8, "percent_covered": 0.0, "percent_covered_display": "0", "missing_lines": 8, "excluded_lines": 0}, "missing_lines": [122, 123, 124, 126, 134, 135, 136, 139], "excluded_lines": []}, "SEOEnhancer._add_twitter_cards": {"executed_lines": [], "summary": {"covered_lines": 0, "num_statements": 8, "percent_covered": 0.0, "percent_covered_display": "0", "missing_lines": 8, "excluded_lines": 0}, "missing_lines": [143, 144, 145, 147, 153, 154, 155, 158], "excluded_lines": []}, "SEOEnhancer._add_structured_data": {"executed_lines": [], "summary": {"covered_lines": 0, "num_statements": 9, "percent_covered": 0.0, "percent_covered_display": "0", "missing_lines": 9, "excluded_lines": 0}, "missing_lines": [162, 163, 164, 167, 168, 170, 180, 181, 182], "excluded_lines": []}, "SEOEnhancer._ensure_semantic_html": {"executed_lines": [], "summary": {"covered_lines": 0, "num_statements": 8, "percent_covered": 0.0, "percent_covered_display": "0", "missing_lines": 8, "excluded_lines": 0}, "missing_lines": [186, 187, 188, 191, 193, 194, 195, 196], "excluded_lines": []}, "SEOEnhancer._enhance_images": {"executed_lines": [], "summary": {"covered_lines": 0, "num_statements": 8, "percent_covered": 0.0, "percent_covered_display": "0", "missing_lines": 8, "excluded_lines": 0}, "missing_lines": [200, 202, 204, 205, 208, 209, 212, 213], "excluded_lines": []}, "SEOEnhancer._enhance_links": {"executed_lines": [], "summary": {"covered_lines": 0, "num_statements": 13, "percent_covered": 0.0, "percent_covered_display": "0", "missing_lines": 13, "excluded_lines": 0}, "missing_lines": [217, 219, 220, 223, 224, 225, 226, 227, 228, 229, 232, 233, 239], "excluded_lines": []}, "": {"executed_lines": [1, 2, 4, 7, 8, 10, 13, 53, 120, 141, 160, 184, 198, 215], "summary": {"covered_lines": 13, "num_statements": 13, "percent_covered": 100.0, "percent_covered_display": "100", "missing_lines": 0, "excluded_lines": 0}, "missing_lines": [], "excluded_lines": []}}, "classes": {"SEOEnhancer": {"executed_lines": [], "summary": {"covered_lines": 0, "num_statements": 94, "percent_covered": 0.0, "percent_covered_display": "0", "missing_lines": 94, "excluded_lines": 0}, "missing_lines": [11, 36, 39, 42, 43, 44, 47, 48, 49, 51, 57, 58, 59, 60, 61, 64, 65, 66, 67, 70, 71, 74, 77, 78, 81, 84, 85, 88, 91, 92, 99, 102, 103, 104, 107, 108, 111, 114, 115, 118, 122, 123, 124, 126, 134, 135, 136, 139, 143, 144, 145, 147, 153, 154, 155, 158, 162, 163, 164, 167, 168, 170, 180, 181, 182, 186, 187, 188, 191, 193, 194, 195, 196, 200, 202, 204, 205, 208, 209, 212, 213, 217, 219, 220, 223, 224, 225, 226, 227, 228, 229, 232, 233, 239], "excluded_lines": []}, "": {"executed_lines": [1, 2, 4, 7, 8, 10, 13, 53, 120, 141, 160, 184, 198, 215], "summary": {"covered_lines": 13, "num_statements": 13, "percent_covered": 100.0, "percent_covered_display": "100", "missing_lines": 0, "excluded_lines": 0}, "missing_lines": [], "excluded_lines": []}}}, "utils\\seo_validator.py": {"executed_lines": [], "summary": {"covered_lines": 0, "num_statements": 184, "percent_covered": 0.0, "percent_covered_display": "0", "missing_lines": 184, "excluded_lines": 0}, "missing_lines": [1, 4, 7, 8, 9, 10, 11, 13, 24, 25, 26, 27, 29, 32, 33, 34, 35, 36, 37, 38, 39, 40, 42, 50, 52, 54, 55, 56, 57, 58, 59, 61, 62, 64, 65, 68, 69, 70, 73, 75, 77, 79, 81, 82, 83, 85, 86, 88, 89, 92, 93, 94, 97, 99, 103, 105, 107, 108, 109, 110, 111, 114, 116, 117, 118, 119, 121, 124, 125, 126, 127, 128, 131, 132, 133, 134, 135, 138, 139, 140, 142, 144, 146, 147, 149, 150, 151, 153, 154, 155, 156, 157, 158, 160, 162, 163, 164, 166, 167, 170, 172, 173, 175, 177, 179, 180, 181, 182, 184, 185, 187, 188, 190, 191, 192, 193, 195, 196, 199, 201, 203, 204, 205, 206, 208, 211, 212, 214, 215, 216, 217, 218, 220, 222, 224, 232, 234, 235, 238, 239, 240, 241, 243, 245, 247, 248, 250, 251, 252, 254, 256, 258, 267, 269, 270, 273, 275, 277, 279, 281, 282, 284, 285, 287, 288, 290, 291, 293, 294, 298, 299, 301, 302, 306, 309, 311, 312, 313, 314, 315, 316, 317, 318, 320], "excluded_lines": [], "functions": {"SEOValidator.__init__": {"executed_lines": [], "summary": {"covered_lines": 0, "num_statements": 4, "percent_covered": 0.0, "percent_covered_display": "0", "missing_lines": 4, "excluded_lines": 0}, "missing_lines": [8, 9, 10, 11], "excluded_lines": []}, "SEOValidator.validate": {"executed_lines": [], "summary": {"covered_lines": 0, "num_statements": 15, "percent_covered": 0.0, "percent_covered_display": "0", "missing_lines": 15, "excluded_lines": 0}, "missing_lines": [24, 25, 26, 27, 29, 32, 33, 34, 35, 36, 37, 38, 39, 40, 42], "excluded_lines": []}, "SEOValidator._check_title_tag": {"executed_lines": [], "summary": {"covered_lines": 0, "num_statements": 16, "percent_covered": 0.0, "percent_covered_display": "0", "missing_lines": 16, "excluded_lines": 0}, "missing_lines": [52, 54, 55, 56, 57, 58, 59, 61, 62, 64, 65, 68, 69, 70, 73, 75], "excluded_lines": []}, "SEOValidator._check_meta_description": {"executed_lines": [], "summary": {"covered_lines": 0, "num_statements": 13, "percent_covered": 0.0, "percent_covered_display": "0", "missing_lines": 13, "excluded_lines": 0}, "missing_lines": [79, 81, 82, 83, 85, 86, 88, 89, 92, 93, 94, 97, 99], "excluded_lines": []}, "SEOValidator._check_heading_structure": {"executed_lines": [], "summary": {"covered_lines": 0, "num_statements": 25, "percent_covered": 0.0, "percent_covered_display": "0", "missing_lines": 25, "excluded_lines": 0}, "missing_lines": [105, 107, 108, 109, 110, 111, 114, 116, 117, 118, 119, 121, 124, 125, 126, 127, 128, 131, 132, 133, 134, 135, 138, 139, 140], "excluded_lines": []}, "SEOValidator._check_images": {"executed_lines": [], "summary": {"covered_lines": 0, "num_statements": 21, "percent_covered": 0.0, "percent_covered_display": "0", "missing_lines": 21, "excluded_lines": 0}, "missing_lines": [144, 146, 147, 149, 150, 151, 153, 154, 155, 156, 157, 158, 160, 162, 163, 164, 166, 167, 170, 172, 173], "excluded_lines": []}, "SEOValidator._check_links": {"executed_lines": [], "summary": {"covered_lines": 0, "num_statements": 21, "percent_covered": 0.0, "percent_covered_display": "0", "missing_lines": 21, "excluded_lines": 0}, "missing_lines": [177, 179, 180, 181, 182, 184, 185, 187, 188, 190, 191, 192, 193, 195, 196, 199, 201, 203, 204, 205, 206], "excluded_lines": []}, "SEOValidator._check_content_length": {"executed_lines": [], "summary": {"covered_lines": 0, "num_statements": 8, "percent_covered": 0.0, "percent_covered_display": "0", "missing_lines": 8, "excluded_lines": 0}, "missing_lines": [211, 212, 214, 215, 216, 217, 218, 220], "excluded_lines": []}, "SEOValidator._check_open_graph": {"executed_lines": [], "summary": {"covered_lines": 0, "num_statements": 9, "percent_covered": 0.0, "percent_covered_display": "0", "missing_lines": 9, "excluded_lines": 0}, "missing_lines": [224, 232, 234, 235, 238, 239, 240, 241, 243], "excluded_lines": []}, "SEOValidator._check_structured_data": {"executed_lines": [], "summary": {"covered_lines": 0, "num_statements": 6, "percent_covered": 0.0, "percent_covered_display": "0", "missing_lines": 6, "excluded_lines": 0}, "missing_lines": [247, 248, 250, 251, 252, 254], "excluded_lines": []}, "SEOValidator._check_semantic_html": {"executed_lines": [], "summary": {"covered_lines": 0, "num_statements": 6, "percent_covered": 0.0, "percent_covered_display": "0", "missing_lines": 6, "excluded_lines": 0}, "missing_lines": [258, 267, 269, 270, 273, 275], "excluded_lines": []}, "SEOValidator._generate_recommendations": {"executed_lines": [], "summary": {"covered_lines": 0, "num_statements": 16, "percent_covered": 0.0, "percent_covered_display": "0", "missing_lines": 16, "excluded_lines": 0}, "missing_lines": [279, 281, 282, 284, 285, 287, 288, 290, 291, 293, 294, 298, 299, 301, 302, 306], "excluded_lines": []}, "get_seo_grade": {"executed_lines": [], "summary": {"covered_lines": 0, "num_statements": 9, "percent_covered": 0.0, "percent_covered_display": "0", "missing_lines": 9, "excluded_lines": 0}, "missing_lines": [311, 312, 313, 314, 315, 316, 317, 318, 320], "excluded_lines": []}, "": {"executed_lines": [], "summary": {"covered_lines": 0, "num_statements": 15, "percent_covered": 0.0, "percent_covered_display": "0", "missing_lines": 15, "excluded_lines": 0}, "missing_lines": [1, 4, 7, 13, 50, 77, 103, 142, 175, 208, 222, 245, 256, 277, 309], "excluded_lines": []}}, "classes": {"SEOValidator": {"executed_lines": [], "summary": {"covered_lines": 0, "num_statements": 160, "percent_covered": 0.0, "percent_covered_display": "0", "missing_lines": 160, "excluded_lines": 0}, "missing_lines": [8, 9, 10, 11, 24, 25, 26, 27, 29, 32, 33, 34, 35, 36, 37, 38, 39, 40, 42, 52, 54, 55, 56, 57, 58, 59, 61, 62, 64, 65, 68, 69, 70, 73, 75, 79, 81, 82, 83, 85, 86, 88, 89, 92, 93, 94, 97, 99, 105, 107, 108, 109, 110, 111, 114, 116, 117, 118, 119, 121, 124, 125, 126, 127, 128, 131, 132, 133, 134, 135, 138, 139, 140, 144, 146, 147, 149, 150, 151, 153, 154, 155, 156, 157, 158, 160, 162, 163, 164, 166, 167, 170, 172, 173, 177, 179, 180, 181, 182, 184, 185, 187, 188, 190, 191, 192, 193, 195, 196, 199, 201, 203, 204, 205, 206, 211, 212, 214, 215, 216, 217, 218, 220, 224, 232, 234, 235, 238, 239, 240, 241, 243, 247, 248, 250, 251, 252, 254, 258, 267, 269, 270, 273, 275, 279, 281, 282, 284, 285, 287, 288, 290, 291, 293, 294, 298, 299, 301, 302, 306], "excluded_lines": []}, "": {"executed_lines": [], "summary": {"covered_lines": 0, "num_statements": 24, "percent_covered": 0.0, "percent_covered_display": "0", "missing_lines": 24, "excluded_lines": 0}, "missing_lines": [1, 4, 7, 13, 50, 77, 103, 142, 175, 208, 222, 245, 256, 277, 309, 311, 312, 313, 314, 315, 316, 317, 318, 320], "excluded_lines": []}}}, "utils\\static_site_generator.py": {"executed_lines": [], "summary": {"covered_lines": 0, "num_statements": 77, "percent_covered": 0.0, "percent_covered_display": "0", "missing_lines": 77, "excluded_lines": 0}, "missing_lines": [1, 2, 3, 4, 5, 8, 11, 17, 18, 19, 20, 22, 39, 40, 42, 44, 46, 47, 50, 51, 53, 54, 55, 58, 59, 62, 63, 66, 67, 68, 69, 71, 75, 76, 79, 80, 82, 83, 85, 87, 89, 90, 91, 93, 105, 146, 148, 154, 157, 158, 161, 162, 164, 165, 166, 167, 168, 172, 198, 199, 201, 203, 205, 539, 541, 591, 593, 595, 643, 645, 648, 650, 651, 652, 654, 656, 657], "excluded_lines": [], "functions": {"StaticSiteGenerator.__init__": {"executed_lines": [], "summary": {"covered_lines": 0, "num_statements": 4, "percent_covered": 0.0, "percent_covered_display": "0", "missing_lines": 4, "excluded_lines": 0}, "missing_lines": [17, 18, 19, 20], "excluded_lines": []}, "StaticSiteGenerator.generate_site": {"executed_lines": [], "summary": {"covered_lines": 0, "num_statements": 26, "percent_covered": 0.0, "percent_covered_display": "0", "missing_lines": 26, "excluded_lines": 0}, "missing_lines": [39, 40, 42, 44, 46, 47, 50, 51, 53, 54, 55, 58, 59, 62, 63, 66, 67, 68, 69, 71, 75, 76, 79, 80, 82, 83], "excluded_lines": []}, "StaticSiteGenerator._generate_index_page": {"executed_lines": [], "summary": {"covered_lines": 0, "num_statements": 7, "percent_covered": 0.0, "percent_covered_display": "0", "missing_lines": 7, "excluded_lines": 0}, "missing_lines": [87, 89, 90, 91, 93, 105, 146], "excluded_lines": []}, "StaticSiteGenerator._generate_page_with_nav": {"executed_lines": [], "summary": {"covered_lines": 0, "num_statements": 14, "percent_covered": 0.0, "percent_covered_display": "0", "missing_lines": 14, "excluded_lines": 0}, "missing_lines": [154, 157, 158, 161, 162, 164, 165, 166, 167, 168, 172, 198, 199, 201], "excluded_lines": []}, "StaticSiteGenerator._generate_site_css": {"executed_lines": [], "summary": {"covered_lines": 0, "num_statements": 1, "percent_covered": 0.0, "percent_covered_display": "0", "missing_lines": 1, "excluded_lines": 0}, "missing_lines": [205], "excluded_lines": []}, "StaticSiteGenerator._generate_site_js": {"executed_lines": [], "summary": {"covered_lines": 0, "num_statements": 1, "percent_covered": 0.0, "percent_covered_display": "0", "missing_lines": 1, "excluded_lines": 0}, "missing_lines": [541], "excluded_lines": []}, "StaticSiteGenerator._generate_readme": {"executed_lines": [], "summary": {"covered_lines": 0, "num_statements": 2, "percent_covered": 0.0, "percent_covered_display": "0", "missing_lines": 2, "excluded_lines": 0}, "missing_lines": [593, 595], "excluded_lines": []}, "StaticSiteGenerator._sanitize_filename": {"executed_lines": [], "summary": {"covered_lines": 0, "num_statements": 5, "percent_covered": 0.0, "percent_covered_display": "0", "missing_lines": 5, "excluded_lines": 0}, "missing_lines": [645, 648, 650, 651, 652], "excluded_lines": []}, "StaticSiteGenerator._get_file_icon": {"executed_lines": [], "summary": {"covered_lines": 0, "num_statements": 2, "percent_covered": 0.0, "percent_covered_display": "0", "missing_lines": 2, "excluded_lines": 0}, "missing_lines": [656, 657], "excluded_lines": []}, "": {"executed_lines": [], "summary": {"covered_lines": 0, "num_statements": 15, "percent_covered": 0.0, "percent_covered_display": "0", "missing_lines": 15, "excluded_lines": 0}, "missing_lines": [1, 2, 3, 4, 5, 8, 11, 22, 85, 148, 203, 539, 591, 643, 654], "excluded_lines": []}}, "classes": {"StaticSiteGenerator": {"executed_lines": [], "summary": {"covered_lines": 0, "num_statements": 62, "percent_covered": 0.0, "percent_covered_display": "0", "missing_lines": 62, "excluded_lines": 0}, "missing_lines": [17, 18, 19, 20, 39, 40, 42, 44, 46, 47, 50, 51, 53, 54, 55, 58, 59, 62, 63, 66, 67, 68, 69, 71, 75, 76, 79, 80, 82, 83, 87, 89, 90, 91, 93, 105, 146, 154, 157, 158, 161, 162, 164, 165, 166, 167, 168, 172, 198, 199, 201, 205, 541, 593, 595, 645, 648, 650, 651, 652, 656, 657], "excluded_lines": []}, "": {"executed_lines": [], "summary": {"covered_lines": 0, "num_statements": 15, "percent_covered": 0.0, "percent_covered_display": "0", "missing_lines": 15, "excluded_lines": 0}, "missing_lines": [1, 2, 3, 4, 5, 8, 11, 22, 85, 148, 203, 539, 591, 643, 654], "excluded_lines": []}}}, "utils\\template_manager.py": {"executed_lines": [], "summary": {"covered_lines": 0, "num_statements": 26, "percent_covered": 0.0, "percent_covered_display": "0", "missing_lines": 26, "excluded_lines": 0}, "missing_lines": [1, 4, 7, 8, 15, 48, 69, 71, 72, 74, 76, 80, 84, 267, 271, 273, 393, 397, 399, 516, 520, 524, 706, 708, 710, 712], "excluded_lines": [], "functions": {"TemplateManager.__init__": {"executed_lines": [], "summary": {"covered_lines": 0, "num_statements": 2, "percent_covered": 0.0, "percent_covered_display": "0", "missing_lines": 2, "excluded_lines": 0}, "missing_lines": [8, 15], "excluded_lines": []}, "TemplateManager.generate_html": {"executed_lines": [], "summary": {"covered_lines": 0, "num_statements": 4, "percent_covered": 0.0, "percent_covered_display": "0", "missing_lines": 4, "excluded_lines": 0}, "missing_lines": [69, 71, 72, 74], "excluded_lines": []}, "TemplateManager._modern_template": {"executed_lines": [], "summary": {"covered_lines": 0, "num_statements": 2, "percent_covered": 0.0, "percent_covered_display": "0", "missing_lines": 2, "excluded_lines": 0}, "missing_lines": [80, 84], "excluded_lines": []}, "TemplateManager._minimal_template": {"executed_lines": [], "summary": {"covered_lines": 0, "num_statements": 2, "percent_covered": 0.0, "percent_covered_display": "0", "missing_lines": 2, "excluded_lines": 0}, "missing_lines": [271, 273], "excluded_lines": []}, "TemplateManager._classic_template": {"executed_lines": [], "summary": {"covered_lines": 0, "num_statements": 2, "percent_covered": 0.0, "percent_covered_display": "0", "missing_lines": 2, "excluded_lines": 0}, "missing_lines": [397, 399], "excluded_lines": []}, "TemplateManager._dark_template": {"executed_lines": [], "summary": {"covered_lines": 0, "num_statements": 2, "percent_covered": 0.0, "percent_covered_display": "0", "missing_lines": 2, "excluded_lines": 0}, "missing_lines": [520, 524], "excluded_lines": []}, "TemplateManager.get_available_templates": {"executed_lines": [], "summary": {"covered_lines": 0, "num_statements": 1, "percent_covered": 0.0, "percent_covered_display": "0", "missing_lines": 1, "excluded_lines": 0}, "missing_lines": [708], "excluded_lines": []}, "TemplateManager.get_available_color_schemes": {"executed_lines": [], "summary": {"covered_lines": 0, "num_statements": 1, "percent_covered": 0.0, "percent_covered_display": "0", "missing_lines": 1, "excluded_lines": 0}, "missing_lines": [712], "excluded_lines": []}, "": {"executed_lines": [], "summary": {"covered_lines": 0, "num_statements": 10, "percent_covered": 0.0, "percent_covered_display": "0", "missing_lines": 10, "excluded_lines": 0}, "missing_lines": [1, 4, 7, 48, 76, 267, 393, 516, 706, 710], "excluded_lines": []}}, "classes": {"TemplateManager": {"executed_lines": [], "summary": {"covered_lines": 0, "num_statements": 16, "percent_covered": 0.0, "percent_covered_display": "0", "missing_lines": 16, "excluded_lines": 0}, "missing_lines": [8, 15, 69, 71, 72, 74, 80, 84, 271, 273, 397, 399, 520, 524, 708, 712], "excluded_lines": []}, "": {"executed_lines": [], "summary": {"covered_lines": 0, "num_statements": 10, "percent_covered": 0.0, "percent_covered_display": "0", "missing_lines": 10, "excluded_lines": 0}, "missing_lines": [1, 4, 7, 48, 76, 267, 393, 516, 706, 710], "excluded_lines": []}}}}, "totals": {"covered_lines": 103, "num_statements": 1289, "percent_covered": 7.990690457719162, "percent_covered_display": "8", "missing_lines": 1186, "excluded_lines": 0}}